<?xml version="1.0" encoding="UTF-8"?>
<testng-results ignored="0" total="2" passed="2" failed="0" skipped="0">
  <reporter-output>
  </reporter-output>
  <suite started-at="2021-02-06T21:15:36 IST" name="Default suite" finished-at="2021-02-06T21:15:47 IST" duration-ms="11435">
    <groups>
    </groups>
    <test started-at="2021-02-06T21:15:36 IST" name="Default test" finished-at="2021-02-06T21:15:47 IST" duration-ms="11435">
      <class name="com.goibibo.AppTest">
        <test-method is-config="true" signature="beforeSuite()[pri:0, instance:com.goibibo.AppTest@647fd8ce]" started-at="2021-02-06T21:15:36 IST" name="beforeSuite" finished-at="2021-02-06T21:15:36 IST" duration-ms="8" status="PASS">
          <reporter-output>
          </reporter-output>
        </test-method> <!-- beforeSuite -->
        <test-method signature="checkFromAndDestination()[pri:0, instance:com.goibibo.AppTest@647fd8ce]" started-at="2021-02-06T21:15:36 IST" name="checkFromAndDestination" finished-at="2021-02-06T21:15:47 IST" duration-ms="10971" status="PASS">
          <reporter-output>
          </reporter-output>
        </test-method> <!-- checkFromAndDestination -->
        <test-method signature="testDepartureDate()[pri:0, instance:com.goibibo.AppTest@647fd8ce]" started-at="2021-02-06T21:15:47 IST" name="testDepartureDate" finished-at="2021-02-06T21:15:47 IST" depends-on-methods="com.goibibo.AppTest.checkFromAndDestination" duration-ms="439" status="PASS">
          <reporter-output>
          </reporter-output>
        </test-method> <!-- testDepartureDate -->
      </class> <!-- com.goibibo.AppTest -->
    </test> <!-- Default test -->
  </suite> <!-- Default suite -->
</testng-results>
